 <498360681475196736> 31/03/2022 12:32:30.823     [Error  ] - [MgGui.dll] in Field.initElements(): size must be greater than zero, Program: "EL01_Sending an email".
 <498360681475196736> 31/03/2022 12:32:30.856     [Error  ] - [MgGui.dll] 
   at System.Environment.GetStackTrace(Exception e, Boolean needFileInfo)
   at System.Environment.get_StackTrace()
   at com.magicsoftware.rte.CoreExecutor.WriteExceptionToLog(Int64 contextID, String msg)
   at com.magicsoftware.rte.GuiEventsProcessor.WriteExceptionToLog(String message)
   at com.magicsoftware.unipaas.Events.WriteExceptionToLog(String msg)
   at com.magicsoftware.unipaas.management.data.FieldDef.setAttribute(String attribute, String valueStr)
   at com.magicsoftware.unipaas.management.data.FieldDef.initElements(List`1 tokensVector)
   at com.magicsoftware.unipaas.management.data.FieldDef.fillData()
   at com.magicsoftware.rte.data.FieldsTable.initField(DataViewBase dataview)
   at com.magicsoftware.unipaas.management.data.FieldsTable.initInnerObjects(String foundTagName, DataViewBase dataview)
   at com.magicsoftware.unipaas.management.data.FieldsTable.fillData(DataViewBase dataview)
   at com.magicsoftware.unipaas.management.data.DataViewBase.fillHeaderData()
   at com.magicsoftware.unipaas.management.tasks.TaskBase.initInnerObjects(String foundTagName, MgFormBase parentForm)
   at com.magicsoftware.rte.tasks.Task.FillData(MgFormBase parentFrom)
   at com.magicsoftware.rte.tasks.TasksManager.InitInnerObjects(String currTagName, Int64 contextID, MgFormBase parentForm, Task& task)
   at com.magicsoftware.rte.tasks.TasksManager.fillData(Int64 contextID, String xmlData, MgFormBase parentForm)
   at com.magicsoftware.rte.RteExecutor.OpenTask(Double contextID, String xmlData, Int32 parentFormTskID, Int32 triggeringParentTaskID)
   at RteExecutorEndpoint.OpenTask(Double contextID, String content, Int32 parentTskID, Int32 triggeringTaskID)
   at RteExecutorBridge.OpenTask(RteExecutorBridge* , Double contextID, UInt16* content, Int32 parentFormTskID, Int32 triggeringTaskID)
   at CoreExecutorEndpoint.EventsLoop()
   at CoreExecutorGateway.EventsLoop()
   at com.magicsoftware.rte.RTEmanager.ExecuteWorkThread()
   at System.Threading.ThreadHelper.ThreadStart_Context(Object state)
   at System.Threading.ExecutionContext.RunInternal(ExecutionContext executionContext, ContextCallback callback, Object state, Boolean preserveSyncCtx)
   at System.Threading.ExecutionContext.Run(ExecutionContext executionContext, ContextCallback callback, Object state, Boolean preserveSyncCtx)
   at System.Threading.ExecutionContext.Run(ExecutionContext executionContext, ContextCallback callback, Object state)
   at System.Threading.ThreadHelper.ThreadStart(), Program: "EL01_Sending an email".
 <498360681475196736> 31/03/2022 12:32:30.857     [Error  ] - [MgGui.dll] in Field.initElements(): size must be greater than zero, Program: "EL01_Sending an email".
 <498360681475196736> 31/03/2022 12:32:30.875     [Error  ] - [MgGui.dll] 
   at System.Environment.GetStackTrace(Exception e, Boolean needFileInfo)
   at System.Environment.get_StackTrace()
   at com.magicsoftware.rte.CoreExecutor.WriteExceptionToLog(Int64 contextID, String msg)
   at com.magicsoftware.rte.GuiEventsProcessor.WriteExceptionToLog(String message)
   at com.magicsoftware.unipaas.Events.WriteExceptionToLog(String msg)
   at com.magicsoftware.unipaas.management.data.FieldDef.setAttribute(String attribute, String valueStr)
   at com.magicsoftware.unipaas.management.data.FieldDef.initElements(List`1 tokensVector)
   at com.magicsoftware.unipaas.management.data.FieldDef.fillData()
   at com.magicsoftware.rte.data.FieldsTable.initField(DataViewBase dataview)
   at com.magicsoftware.unipaas.management.data.FieldsTable.initInnerObjects(String foundTagName, DataViewBase dataview)
   at com.magicsoftware.unipaas.management.data.FieldsTable.fillData(DataViewBase dataview)
   at com.magicsoftware.unipaas.management.data.DataViewBase.fillHeaderData()
   at com.magicsoftware.unipaas.management.tasks.TaskBase.initInnerObjects(String foundTagName, MgFormBase parentForm)
   at com.magicsoftware.rte.tasks.Task.FillData(MgFormBase parentFrom)
   at com.magicsoftware.rte.tasks.TasksManager.InitInnerObjects(String currTagName, Int64 contextID, MgFormBase parentForm, Task& task)
   at com.magicsoftware.rte.tasks.TasksManager.fillData(Int64 contextID, String xmlData, MgFormBase parentForm)
   at com.magicsoftware.rte.RteExecutor.OpenTask(Double contextID, String xmlData, Int32 parentFormTskID, Int32 triggeringParentTaskID)
   at RteExecutorEndpoint.OpenTask(Double contextID, String content, Int32 parentTskID, Int32 triggeringTaskID)
   at RteExecutorBridge.OpenTask(RteExecutorBridge* , Double contextID, UInt16* content, Int32 parentFormTskID, Int32 triggeringTaskID)
   at CoreExecutorEndpoint.EventsLoop()
   at CoreExecutorGateway.EventsLoop()
   at com.magicsoftware.rte.RTEmanager.ExecuteWorkThread()
   at System.Threading.ThreadHelper.ThreadStart_Context(Object state)
   at System.Threading.ExecutionContext.RunInternal(ExecutionContext executionContext, ContextCallback callback, Object state, Boolean preserveSyncCtx)
   at System.Threading.ExecutionContext.Run(ExecutionContext executionContext, ContextCallback callback, Object state, Boolean preserveSyncCtx)
   at System.Threading.ExecutionContext.Run(ExecutionContext executionContext, ContextCallback callback, Object state)
   at System.Threading.ThreadHelper.ThreadStart(), Program: "EL01_Sending an email".
 <498360681475196736> 31/03/2022 12:32:30.888     [Error  ] - [MgGui.dll] in Field.initElements(): size must be greater than zero, Program: "EL01_Sending an email".
 <498360681475196736> 31/03/2022 12:32:30.905     [Error  ] - [MgGui.dll] 
   at System.Environment.GetStackTrace(Exception e, Boolean needFileInfo)
   at System.Environment.get_StackTrace()
   at com.magicsoftware.rte.CoreExecutor.WriteExceptionToLog(Int64 contextID, String msg)
   at com.magicsoftware.rte.GuiEventsProcessor.WriteExceptionToLog(String message)
   at com.magicsoftware.unipaas.Events.WriteExceptionToLog(String msg)
   at com.magicsoftware.unipaas.management.data.FieldDef.setAttribute(String attribute, String valueStr)
   at com.magicsoftware.unipaas.management.data.FieldDef.initElements(List`1 tokensVector)
   at com.magicsoftware.unipaas.management.data.FieldDef.fillData()
   at com.magicsoftware.rte.data.FieldsTable.initField(DataViewBase dataview)
   at com.magicsoftware.unipaas.management.data.FieldsTable.initInnerObjects(String foundTagName, DataViewBase dataview)
   at com.magicsoftware.unipaas.management.data.FieldsTable.fillData(DataViewBase dataview)
   at com.magicsoftware.unipaas.management.data.DataViewBase.fillHeaderData()
   at com.magicsoftware.unipaas.management.tasks.TaskBase.initInnerObjects(String foundTagName, MgFormBase parentForm)
   at com.magicsoftware.rte.tasks.Task.FillData(MgFormBase parentFrom)
   at com.magicsoftware.rte.tasks.TasksManager.InitInnerObjects(String currTagName, Int64 contextID, MgFormBase parentForm, Task& task)
   at com.magicsoftware.rte.tasks.TasksManager.fillData(Int64 contextID, String xmlData, MgFormBase parentForm)
   at com.magicsoftware.rte.RteExecutor.OpenTask(Double contextID, String xmlData, Int32 parentFormTskID, Int32 triggeringParentTaskID)
   at RteExecutorEndpoint.OpenTask(Double contextID, String content, Int32 parentTskID, Int32 triggeringTaskID)
   at RteExecutorBridge.OpenTask(RteExecutorBridge* , Double contextID, UInt16* content, Int32 parentFormTskID, Int32 triggeringTaskID)
   at CoreExecutorEndpoint.EventsLoop()
   at CoreExecutorGateway.EventsLoop()
   at com.magicsoftware.rte.RTEmanager.ExecuteWorkThread()
   at System.Threading.ThreadHelper.ThreadStart_Context(Object state)
   at System.Threading.ExecutionContext.RunInternal(ExecutionContext executionContext, ContextCallback callback, Object state, Boolean preserveSyncCtx)
   at System.Threading.ExecutionContext.Run(ExecutionContext executionContext, ContextCallback callback, Object state, Boolean preserveSyncCtx)
   at System.Threading.ExecutionContext.Run(ExecutionContext executionContext, ContextCallback callback, Object state)
   at System.Threading.ThreadHelper.ThreadStart(), Program: "EL01_Sending an email".
 <180350644975975712> 31/03/2022 12:32:57.855     [Error  ] - [MgGui.dll] in Field.initElements(): size must be greater than zero, Program: "EL01_Sending an email".
 <180350644975975712> 31/03/2022 12:32:57.856     [Error  ] - [MgGui.dll] 
   at System.Environment.GetStackTrace(Exception e, Boolean needFileInfo)
   at System.Environment.get_StackTrace()
   at com.magicsoftware.rte.CoreExecutor.WriteExceptionToLog(Int64 contextID, String msg)
   at com.magicsoftware.rte.GuiEventsProcessor.WriteExceptionToLog(String message)
   at com.magicsoftware.unipaas.Events.WriteExceptionToLog(String msg)
   at com.magicsoftware.unipaas.management.data.FieldDef.setAttribute(String attribute, String valueStr)
   at com.magicsoftware.unipaas.management.data.FieldDef.initElements(List`1 tokensVector)
   at com.magicsoftware.unipaas.management.data.FieldDef.fillData()
   at com.magicsoftware.rte.data.FieldsTable.initField(DataViewBase dataview)
   at com.magicsoftware.unipaas.management.data.FieldsTable.initInnerObjects(String foundTagName, DataViewBase dataview)
   at com.magicsoftware.unipaas.management.data.FieldsTable.fillData(DataViewBase dataview)
   at com.magicsoftware.unipaas.management.data.DataViewBase.fillHeaderData()
   at com.magicsoftware.unipaas.management.tasks.TaskBase.initInnerObjects(String foundTagName, MgFormBase parentForm)
   at com.magicsoftware.rte.tasks.Task.FillData(MgFormBase parentFrom)
   at com.magicsoftware.rte.tasks.TasksManager.InitInnerObjects(String currTagName, Int64 contextID, MgFormBase parentForm, Task& task)
   at com.magicsoftware.rte.tasks.TasksManager.fillData(Int64 contextID, String xmlData, MgFormBase parentForm)
   at com.magicsoftware.rte.RteExecutor.OpenTask(Double contextID, String xmlData, Int32 parentFormTskID, Int32 triggeringParentTaskID)
   at RteExecutorEndpoint.OpenTask(Double contextID, String content, Int32 parentTskID, Int32 triggeringTaskID)
   at RteExecutorBridge.OpenTask(RteExecutorBridge* , Double contextID, UInt16* content, Int32 parentFormTskID, Int32 triggeringTaskID)
   at CoreExecutorEndpoint.EventsLoop()
   at CoreExecutorGateway.EventsLoop()
   at com.magicsoftware.rte.RTEmanager.ExecuteWorkThread()
   at System.Threading.ThreadHelper.ThreadStart_Context(Object state)
   at System.Threading.ExecutionContext.RunInternal(ExecutionContext executionContext, ContextCallback callback, Object state, Boolean preserveSyncCtx)
   at System.Threading.ExecutionContext.Run(ExecutionContext executionContext, ContextCallback callback, Object state, Boolean preserveSyncCtx)
   at System.Threading.ExecutionContext.Run(ExecutionContext executionContext, ContextCallback callback, Object state)
   at System.Threading.ThreadHelper.ThreadStart(), Program: "EL01_Sending an email".
 <180350644975975712> 31/03/2022 12:32:57.870     [Error  ] - [MgGui.dll] in Field.initElements(): size must be greater than zero, Program: "EL01_Sending an email".
 <180350644975975712> 31/03/2022 12:32:57.886     [Error  ] - [MgGui.dll] 
   at System.Environment.GetStackTrace(Exception e, Boolean needFileInfo)
   at System.Environment.get_StackTrace()
   at com.magicsoftware.rte.CoreExecutor.WriteExceptionToLog(Int64 contextID, String msg)
   at com.magicsoftware.rte.GuiEventsProcessor.WriteExceptionToLog(String message)
   at com.magicsoftware.unipaas.Events.WriteExceptionToLog(String msg)
   at com.magicsoftware.unipaas.management.data.FieldDef.setAttribute(String attribute, String valueStr)
   at com.magicsoftware.unipaas.management.data.FieldDef.initElements(List`1 tokensVector)
   at com.magicsoftware.unipaas.management.data.FieldDef.fillData()
   at com.magicsoftware.rte.data.FieldsTable.initField(DataViewBase dataview)
   at com.magicsoftware.unipaas.management.data.FieldsTable.initInnerObjects(String foundTagName, DataViewBase dataview)
   at com.magicsoftware.unipaas.management.data.FieldsTable.fillData(DataViewBase dataview)
   at com.magicsoftware.unipaas.management.data.DataViewBase.fillHeaderData()
   at com.magicsoftware.unipaas.management.tasks.TaskBase.initInnerObjects(String foundTagName, MgFormBase parentForm)
   at com.magicsoftware.rte.tasks.Task.FillData(MgFormBase parentFrom)
   at com.magicsoftware.rte.tasks.TasksManager.InitInnerObjects(String currTagName, Int64 contextID, MgFormBase parentForm, Task& task)
   at com.magicsoftware.rte.tasks.TasksManager.fillData(Int64 contextID, String xmlData, MgFormBase parentForm)
   at com.magicsoftware.rte.RteExecutor.OpenTask(Double contextID, String xmlData, Int32 parentFormTskID, Int32 triggeringParentTaskID)
   at RteExecutorEndpoint.OpenTask(Double contextID, String content, Int32 parentTskID, Int32 triggeringTaskID)
   at RteExecutorBridge.OpenTask(RteExecutorBridge* , Double contextID, UInt16* content, Int32 parentFormTskID, Int32 triggeringTaskID)
   at CoreExecutorEndpoint.EventsLoop()
   at CoreExecutorGateway.EventsLoop()
   at com.magicsoftware.rte.RTEmanager.ExecuteWorkThread()
   at System.Threading.ThreadHelper.ThreadStart_Context(Object state)
   at System.Threading.ExecutionContext.RunInternal(ExecutionContext executionContext, ContextCallback callback, Object state, Boolean preserveSyncCtx)
   at System.Threading.ExecutionContext.Run(ExecutionContext executionContext, ContextCallback callback, Object state, Boolean preserveSyncCtx)
   at System.Threading.ExecutionContext.Run(ExecutionContext executionContext, ContextCallback callback, Object state)
   at System.Threading.ThreadHelper.ThreadStart(), Program: "EL01_Sending an email".
 <180350644975975712> 31/03/2022 12:32:57.904     [Error  ] - [MgGui.dll] in Field.initElements(): size must be greater than zero, Program: "EL01_Sending an email".
 <180350644975975712> 31/03/2022 12:32:57.917     [Error  ] - [MgGui.dll] 
   at System.Environment.GetStackTrace(Exception e, Boolean needFileInfo)
   at System.Environment.get_StackTrace()
   at com.magicsoftware.rte.CoreExecutor.WriteExceptionToLog(Int64 contextID, String msg)
   at com.magicsoftware.rte.GuiEventsProcessor.WriteExceptionToLog(String message)
   at com.magicsoftware.unipaas.Events.WriteExceptionToLog(String msg)
   at com.magicsoftware.unipaas.management.data.FieldDef.setAttribute(String attribute, String valueStr)
   at com.magicsoftware.unipaas.management.data.FieldDef.initElements(List`1 tokensVector)
   at com.magicsoftware.unipaas.management.data.FieldDef.fillData()
   at com.magicsoftware.rte.data.FieldsTable.initField(DataViewBase dataview)
   at com.magicsoftware.unipaas.management.data.FieldsTable.initInnerObjects(String foundTagName, DataViewBase dataview)
   at com.magicsoftware.unipaas.management.data.FieldsTable.fillData(DataViewBase dataview)
   at com.magicsoftware.unipaas.management.data.DataViewBase.fillHeaderData()
   at com.magicsoftware.unipaas.management.tasks.TaskBase.initInnerObjects(String foundTagName, MgFormBase parentForm)
   at com.magicsoftware.rte.tasks.Task.FillData(MgFormBase parentFrom)
   at com.magicsoftware.rte.tasks.TasksManager.InitInnerObjects(String currTagName, Int64 contextID, MgFormBase parentForm, Task& task)
   at com.magicsoftware.rte.tasks.TasksManager.fillData(Int64 contextID, String xmlData, MgFormBase parentForm)
   at com.magicsoftware.rte.RteExecutor.OpenTask(Double contextID, String xmlData, Int32 parentFormTskID, Int32 triggeringParentTaskID)
   at RteExecutorEndpoint.OpenTask(Double contextID, String content, Int32 parentTskID, Int32 triggeringTaskID)
   at RteExecutorBridge.OpenTask(RteExecutorBridge* , Double contextID, UInt16* content, Int32 parentFormTskID, Int32 triggeringTaskID)
   at CoreExecutorEndpoint.EventsLoop()
   at CoreExecutorGateway.EventsLoop()
   at com.magicsoftware.rte.RTEmanager.ExecuteWorkThread()
   at System.Threading.ThreadHelper.ThreadStart_Context(Object state)
   at System.Threading.ExecutionContext.RunInternal(ExecutionContext executionContext, ContextCallback callback, Object state, Boolean preserveSyncCtx)
   at System.Threading.ExecutionContext.Run(ExecutionContext executionContext, ContextCallback callback, Object state, Boolean preserveSyncCtx)
   at System.Threading.ExecutionContext.Run(ExecutionContext executionContext, ContextCallback callback, Object state)
   at System.Threading.ThreadHelper.ThreadStart(), Program: "EL01_Sending an email".
 <476792930858919552> 31/03/2022 12:34:00.456     [Error  ] - [MgGui.dll] in Field.initElements(): size must be greater than zero, Program: "EL01_Sending an email".
 <476792930858919552> 31/03/2022 12:34:00.457     [Error  ] - [MgGui.dll] 
   at System.Environment.GetStackTrace(Exception e, Boolean needFileInfo)
   at System.Environment.get_StackTrace()
   at com.magicsoftware.rte.CoreExecutor.WriteExceptionToLog(Int64 contextID, String msg)
   at com.magicsoftware.rte.GuiEventsProcessor.WriteExceptionToLog(String message)
   at com.magicsoftware.unipaas.Events.WriteExceptionToLog(String msg)
   at com.magicsoftware.unipaas.management.data.FieldDef.setAttribute(String attribute, String valueStr)
   at com.magicsoftware.unipaas.management.data.FieldDef.initElements(List`1 tokensVector)
   at com.magicsoftware.unipaas.management.data.FieldDef.fillData()
   at com.magicsoftware.rte.data.FieldsTable.initField(DataViewBase dataview)
   at com.magicsoftware.unipaas.management.data.FieldsTable.initInnerObjects(String foundTagName, DataViewBase dataview)
   at com.magicsoftware.unipaas.management.data.FieldsTable.fillData(DataViewBase dataview)
   at com.magicsoftware.unipaas.management.data.DataViewBase.fillHeaderData()
   at com.magicsoftware.unipaas.management.tasks.TaskBase.initInnerObjects(String foundTagName, MgFormBase parentForm)
   at com.magicsoftware.rte.tasks.Task.FillData(MgFormBase parentFrom)
   at com.magicsoftware.rte.tasks.TasksManager.InitInnerObjects(String currTagName, Int64 contextID, MgFormBase parentForm, Task& task)
   at com.magicsoftware.rte.tasks.TasksManager.fillData(Int64 contextID, String xmlData, MgFormBase parentForm)
   at com.magicsoftware.rte.RteExecutor.OpenTask(Double contextID, String xmlData, Int32 parentFormTskID, Int32 triggeringParentTaskID)
   at RteExecutorEndpoint.OpenTask(Double contextID, String content, Int32 parentTskID, Int32 triggeringTaskID)
   at RteExecutorBridge.OpenTask(RteExecutorBridge* , Double contextID, UInt16* content, Int32 parentFormTskID, Int32 triggeringTaskID)
   at CoreExecutorEndpoint.EventsLoop()
   at CoreExecutorGateway.EventsLoop()
   at com.magicsoftware.rte.RTEmanager.ExecuteWorkThread()
   at System.Threading.ThreadHelper.ThreadStart_Context(Object state)
   at System.Threading.ExecutionContext.RunInternal(ExecutionContext executionContext, ContextCallback callback, Object state, Boolean preserveSyncCtx)
   at System.Threading.ExecutionContext.Run(ExecutionContext executionContext, ContextCallback callback, Object state, Boolean preserveSyncCtx)
   at System.Threading.ExecutionContext.Run(ExecutionContext executionContext, ContextCallback callback, Object state)
   at System.Threading.ThreadHelper.ThreadStart(), Program: "EL01_Sending an email".
 <476792930858919552> 31/03/2022 12:34:00.468     [Error  ] - [MgGui.dll] in Field.initElements(): size must be greater than zero, Program: "EL01_Sending an email".
 <476792930858919552> 31/03/2022 12:34:00.480     [Error  ] - [MgGui.dll] 
   at System.Environment.GetStackTrace(Exception e, Boolean needFileInfo)
   at System.Environment.get_StackTrace()
   at com.magicsoftware.rte.CoreExecutor.WriteExceptionToLog(Int64 contextID, String msg)
   at com.magicsoftware.rte.GuiEventsProcessor.WriteExceptionToLog(String message)
   at com.magicsoftware.unipaas.Events.WriteExceptionToLog(String msg)
   at com.magicsoftware.unipaas.management.data.FieldDef.setAttribute(String attribute, String valueStr)
   at com.magicsoftware.unipaas.management.data.FieldDef.initElements(List`1 tokensVector)
   at com.magicsoftware.unipaas.management.data.FieldDef.fillData()
   at com.magicsoftware.rte.data.FieldsTable.initField(DataViewBase dataview)
   at com.magicsoftware.unipaas.management.data.FieldsTable.initInnerObjects(String foundTagName, DataViewBase dataview)
   at com.magicsoftware.unipaas.management.data.FieldsTable.fillData(DataViewBase dataview)
   at com.magicsoftware.unipaas.management.data.DataViewBase.fillHeaderData()
   at com.magicsoftware.unipaas.management.tasks.TaskBase.initInnerObjects(String foundTagName, MgFormBase parentForm)
   at com.magicsoftware.rte.tasks.Task.FillData(MgFormBase parentFrom)
   at com.magicsoftware.rte.tasks.TasksManager.InitInnerObjects(String currTagName, Int64 contextID, MgFormBase parentForm, Task& task)
   at com.magicsoftware.rte.tasks.TasksManager.fillData(Int64 contextID, String xmlData, MgFormBase parentForm)
   at com.magicsoftware.rte.RteExecutor.OpenTask(Double contextID, String xmlData, Int32 parentFormTskID, Int32 triggeringParentTaskID)
   at RteExecutorEndpoint.OpenTask(Double contextID, String content, Int32 parentTskID, Int32 triggeringTaskID)
   at RteExecutorBridge.OpenTask(RteExecutorBridge* , Double contextID, UInt16* content, Int32 parentFormTskID, Int32 triggeringTaskID)
   at CoreExecutorEndpoint.EventsLoop()
   at CoreExecutorGateway.EventsLoop()
   at com.magicsoftware.rte.RTEmanager.ExecuteWorkThread()
   at System.Threading.ThreadHelper.ThreadStart_Context(Object state)
   at System.Threading.ExecutionContext.RunInternal(ExecutionContext executionContext, ContextCallback callback, Object state, Boolean preserveSyncCtx)
   at System.Threading.ExecutionContext.Run(ExecutionContext executionContext, ContextCallback callback, Object state, Boolean preserveSyncCtx)
   at System.Threading.ExecutionContext.Run(ExecutionContext executionContext, ContextCallback callback, Object state)
   at System.Threading.ThreadHelper.ThreadStart(), Program: "EL01_Sending an email".
 <476792930858919552> 31/03/2022 12:34:00.491     [Error  ] - [MgGui.dll] in Field.initElements(): size must be greater than zero, Program: "EL01_Sending an email".
 <476792930858919552> 31/03/2022 12:34:00.501     [Error  ] - [MgGui.dll] 
   at System.Environment.GetStackTrace(Exception e, Boolean needFileInfo)
   at System.Environment.get_StackTrace()
   at com.magicsoftware.rte.CoreExecutor.WriteExceptionToLog(Int64 contextID, String msg)
   at com.magicsoftware.rte.GuiEventsProcessor.WriteExceptionToLog(String message)
   at com.magicsoftware.unipaas.Events.WriteExceptionToLog(String msg)
   at com.magicsoftware.unipaas.management.data.FieldDef.setAttribute(String attribute, String valueStr)
   at com.magicsoftware.unipaas.management.data.FieldDef.initElements(List`1 tokensVector)
   at com.magicsoftware.unipaas.management.data.FieldDef.fillData()
   at com.magicsoftware.rte.data.FieldsTable.initField(DataViewBase dataview)
   at com.magicsoftware.unipaas.management.data.FieldsTable.initInnerObjects(String foundTagName, DataViewBase dataview)
   at com.magicsoftware.unipaas.management.data.FieldsTable.fillData(DataViewBase dataview)
   at com.magicsoftware.unipaas.management.data.DataViewBase.fillHeaderData()
   at com.magicsoftware.unipaas.management.tasks.TaskBase.initInnerObjects(String foundTagName, MgFormBase parentForm)
   at com.magicsoftware.rte.tasks.Task.FillData(MgFormBase parentFrom)
   at com.magicsoftware.rte.tasks.TasksManager.InitInnerObjects(String currTagName, Int64 contextID, MgFormBase parentForm, Task& task)
   at com.magicsoftware.rte.tasks.TasksManager.fillData(Int64 contextID, String xmlData, MgFormBase parentForm)
   at com.magicsoftware.rte.RteExecutor.OpenTask(Double contextID, String xmlData, Int32 parentFormTskID, Int32 triggeringParentTaskID)
   at RteExecutorEndpoint.OpenTask(Double contextID, String content, Int32 parentTskID, Int32 triggeringTaskID)
   at RteExecutorBridge.OpenTask(RteExecutorBridge* , Double contextID, UInt16* content, Int32 parentFormTskID, Int32 triggeringTaskID)
   at CoreExecutorEndpoint.EventsLoop()
   at CoreExecutorGateway.EventsLoop()
   at com.magicsoftware.rte.RTEmanager.ExecuteWorkThread()
   at System.Threading.ThreadHelper.ThreadStart_Context(Object state)
   at System.Threading.ExecutionContext.RunInternal(ExecutionContext executionContext, ContextCallback callback, Object state, Boolean preserveSyncCtx)
   at System.Threading.ExecutionContext.Run(ExecutionContext executionContext, ContextCallback callback, Object state, Boolean preserveSyncCtx)
   at System.Threading.ExecutionContext.Run(ExecutionContext executionContext, ContextCallback callback, Object state)
   at System.Threading.ThreadHelper.ThreadStart(), Program: "EL01_Sending an email".
 <69212130141926928> 07/06/2022 19:40:48.392     [Error  ] - JavaMailClient::CheckAndUpdateErrorDescriptionText - "java.lang.Exception: 535-5.7.8 Username and Password not accepted. Learn more at
535 5.7.8  https://support.google.com/mail/?p=BadCredentials q12-20020a170902e30c00b00163f1831ddfsm12435193plc.40 - gsmtp

	at com.magicsoftware.xpa.utils.mail.SmtpClient.Connect(SmtpClient.java:114)
", Program: "EL01_Sending an email".
 Please refer file for detailed log : E:\Magic_XPA\XPA48\Projects\CrashDll\XPASample.txt
 <69212130141926928> 07/06/2022 19:41:41.161     [Error  ] - JavaMailClient::CheckAndUpdateErrorDescriptionText - "java.lang.Exception: 535-5.7.8 Username and Password not accepted. Learn more at
535 5.7.8  https://support.google.com/mail/?p=BadCredentials a10-20020a056a001d0a00b0051be2ae1fb5sm8653890pfx.61 - gsmtp

	at com.magicsoftware.xpa.utils.mail.SmtpClient.Connect(SmtpClient.java:114)
", Program: "EL01_Sending an email".
 Please refer file for detailed log : E:\Magic_XPA\XPA48\Projects\CrashDll\XPASample.txt
 <69212130141926928> 07/06/2022 19:43:18.338     [Error  ] - JavaMailClient::CheckAndUpdateErrorDescriptionText - "java.lang.Exception: 535-5.7.8 Username and Password not accepted. Learn more at
535 5.7.8  https://support.google.com/mail/?p=BadCredentials c6-20020a170902c1c600b0016767ff327dsm6400218plc.129 - gsmtp

	at com.magicsoftware.xpa.utils.mail.SmtpClient.Connect(SmtpClient.java:114)
", Program: "EL01_Sending an email".
 Please refer file for detailed log : E:\Magic_XPA\XPA48\Projects\CrashDll\XPASample.txt
